{"level":"info","message":"page Start!","timestamp":"2018-04-11T07:49:48.301Z"}
{"level":"info","message":"page Start!","timestamp":"2018-04-11T07:50:19.264Z"}
{"level":"info","message":"info page Start!","timestamp":"2018-04-11T07:51:27.177Z"}
{"level":"info","message":"info page Start!","timestamp":"2018-04-11T07:55:31.084Z"}
{"level":"info","message":"info page Start!","timestamp":"2018-04-11T07:55:35.161Z"}
{"level":"info","message":"info page Start!","timestamp":"2018-04-11T07:58:27.094Z"}
{"level":"info","message":"info page Start!","timestamp":"2018-04-11T07:58:55.095Z"}
{"level":"info","message":"info page Start!","timestamp":"2018-04-11T07:58:56.799Z"}
[{"NUM":1,"TITLE":"test","CONTENT":"test","NAME":"test","TOTAL_COUNT":15},{"NUM":2,"TITLE":"test","CONTENT":"test","NAME":"test","TOTAL_COUNT":15},{"NUM":3,"TITLE":"test","CONTENT":"test","NAME":"test","TOTAL_COUNT":15},{"NUM":4,"TITLE":"123","CONTENT":"123","NAME":"안녕하세요","TOTAL_COUNT":15},{"NUM":5,"TITLE":"123","CONTENT":"123","NAME":"안녕하세요","TOTAL_COUNT":15},{"NUM":6,"TITLE":"123","CONTENT":"123","NAME":"안녕하세요","TOTAL_COUNT":15},{"NUM":7,"TITLE":"tes","CONTENT":"test","NAME":"test","TOTAL_COUNT":15},{"NUM":8,"TITLE":"tes","CONTENT":"test","NAME":"test","TOTAL_COUNT":15},{"NUM":9,"TITLE":"gd","CONTENT":"gd","NAME":"gd","TOTAL_COUNT":15},{"NUM":10,"TITLE":"안녕하세요","CONTENT":"내용을 입력하빈다.","NAME":"돌아가기 페이지","TOTAL_COUNT":15}]
[{"NUM":1,"TITLE":"test","CONTENT":"test","NAME":"test","TOTAL_COUNT":15},{"NUM":2,"TITLE":"test","CONTENT":"test","NAME":"test","TOTAL_COUNT":15},{"NUM":3,"TITLE":"test","CONTENT":"test","NAME":"test","TOTAL_COUNT":15},{"NUM":4,"TITLE":"123","CONTENT":"123","NAME":"안녕하세요","TOTAL_COUNT":15},{"NUM":5,"TITLE":"123","CONTENT":"123","NAME":"안녕하세요","TOTAL_COUNT":15},{"NUM":6,"TITLE":"123","CONTENT":"123","NAME":"안녕하세요","TOTAL_COUNT":15},{"NUM":7,"TITLE":"tes","CONTENT":"test","NAME":"test","TOTAL_COUNT":15},{"NUM":8,"TITLE":"tes","CONTENT":"test","NAME":"test","TOTAL_COUNT":15},{"NUM":9,"TITLE":"gd","CONTENT":"gd","NAME":"gd","TOTAL_COUNT":15},{"NUM":10,"TITLE":"안녕하세요","CONTENT":"내용을 입력하빈다.","NAME":"돌아가기 페이지","TOTAL_COUNT":15}]
[{"NUM":1,"TITLE":"test","CONTENT":"test","NAME":"test","TOTAL_COUNT":15},{"NUM":2,"TITLE":"test","CONTENT":"test","NAME":"test","TOTAL_COUNT":15},{"NUM":3,"TITLE":"test","CONTENT":"test","NAME":"test","TOTAL_COUNT":15},{"NUM":4,"TITLE":"123","CONTENT":"123","NAME":"안녕하세요","TOTAL_COUNT":15},{"NUM":5,"TITLE":"123","CONTENT":"123","NAME":"안녕하세요","TOTAL_COUNT":15},{"NUM":6,"TITLE":"123","CONTENT":"123","NAME":"안녕하세요","TOTAL_COUNT":15},{"NUM":7,"TITLE":"tes","CONTENT":"test","NAME":"test","TOTAL_COUNT":15},{"NUM":8,"TITLE":"tes","CONTENT":"test","NAME":"test","TOTAL_COUNT":15},{"NUM":9,"TITLE":"gd","CONTENT":"gd","NAME":"gd","TOTAL_COUNT":15},{"NUM":10,"TITLE":"안녕하세요","CONTENT":"내용을 입력하빈다.","NAME":"돌아가기 페이지","TOTAL_COUNT":15}]
[{"NUM":1,"TITLE":"test","CONTENT":"test","NAME":"test","TOTAL_COUNT":15},{"NUM":2,"TITLE":"test","CONTENT":"test","NAME":"test","TOTAL_COUNT":15},{"NUM":3,"TITLE":"test","CONTENT":"test","NAME":"test","TOTAL_COUNT":15},{"NUM":4,"TITLE":"123","CONTENT":"123","NAME":"안녕하세요","TOTAL_COUNT":15},{"NUM":5,"TITLE":"123","CONTENT":"123","NAME":"안녕하세요","TOTAL_COUNT":15},{"NUM":6,"TITLE":"123","CONTENT":"123","NAME":"안녕하세요","TOTAL_COUNT":15},{"NUM":7,"TITLE":"tes","CONTENT":"test","NAME":"test","TOTAL_COUNT":15},{"NUM":8,"TITLE":"tes","CONTENT":"test","NAME":"test","TOTAL_COUNT":15},{"NUM":9,"TITLE":"gd","CONTENT":"gd","NAME":"gd","TOTAL_COUNT":15},{"NUM":10,"TITLE":"안녕하세요","CONTENT":"내용을 입력하빈다.","NAME":"돌아가기 페이지","TOTAL_COUNT":15}]
[{"NUM":1,"TITLE":"test","CONTENT":"test","NAME":"test","TOTAL_COUNT":15},{"NUM":2,"TITLE":"test","CONTENT":"test","NAME":"test","TOTAL_COUNT":15},{"NUM":3,"TITLE":"test","CONTENT":"test","NAME":"test","TOTAL_COUNT":15},{"NUM":4,"TITLE":"123","CONTENT":"123","NAME":"안녕하세요","TOTAL_COUNT":15},{"NUM":5,"TITLE":"123","CONTENT":"123","NAME":"안녕하세요","TOTAL_COUNT":15},{"NUM":6,"TITLE":"123","CONTENT":"123","NAME":"안녕하세요","TOTAL_COUNT":15},{"NUM":7,"TITLE":"tes","CONTENT":"test","NAME":"test","TOTAL_COUNT":15},{"NUM":8,"TITLE":"tes","CONTENT":"test","NAME":"test","TOTAL_COUNT":15},{"NUM":9,"TITLE":"gd","CONTENT":"gd","NAME":"gd","TOTAL_COUNT":15},{"NUM":10,"TITLE":"안녕하세요","CONTENT":"내용을 입력하빈다.","NAME":"돌아가기 페이지","TOTAL_COUNT":15}]
[{"NUM":1,"TITLE":"test","CONTENT":"test","NAME":"test","TOTAL_COUNT":15},{"NUM":2,"TITLE":"test","CONTENT":"test","NAME":"test","TOTAL_COUNT":15},{"NUM":3,"TITLE":"test","CONTENT":"test","NAME":"test","TOTAL_COUNT":15},{"NUM":4,"TITLE":"123","CONTENT":"123","NAME":"안녕하세요","TOTAL_COUNT":15},{"NUM":5,"TITLE":"123","CONTENT":"123","NAME":"안녕하세요","TOTAL_COUNT":15},{"NUM":6,"TITLE":"123","CONTENT":"123","NAME":"안녕하세요","TOTAL_COUNT":15},{"NUM":7,"TITLE":"tes","CONTENT":"test","NAME":"test","TOTAL_COUNT":15},{"NUM":8,"TITLE":"tes","CONTENT":"test","NAME":"test","TOTAL_COUNT":15},{"NUM":9,"TITLE":"gd","CONTENT":"gd","NAME":"gd","TOTAL_COUNT":15},{"NUM":10,"TITLE":"안녕하세요","CONTENT":"내용을 입력하빈다.","NAME":"돌아가기 페이지","TOTAL_COUNT":15}]
[{"NUM":1,"TITLE":"test","CONTENT":"test","NAME":"test","TOTAL_COUNT":15},{"NUM":2,"TITLE":"test","CONTENT":"test","NAME":"test","TOTAL_COUNT":15},{"NUM":3,"TITLE":"test","CONTENT":"test","NAME":"test","TOTAL_COUNT":15},{"NUM":4,"TITLE":"123","CONTENT":"123","NAME":"안녕하세요","TOTAL_COUNT":15},{"NUM":5,"TITLE":"123","CONTENT":"123","NAME":"안녕하세요","TOTAL_COUNT":15},{"NUM":6,"TITLE":"123","CONTENT":"123","NAME":"안녕하세요","TOTAL_COUNT":15},{"NUM":7,"TITLE":"tes","CONTENT":"test","NAME":"test","TOTAL_COUNT":15},{"NUM":8,"TITLE":"tes","CONTENT":"test","NAME":"test","TOTAL_COUNT":15},{"NUM":9,"TITLE":"gd","CONTENT":"gd","NAME":"gd","TOTAL_COUNT":15},{"NUM":10,"TITLE":"안녕하세요","CONTENT":"내용을 입력하빈다.","NAME":"돌아가기 페이지","TOTAL_COUNT":15}]
[{"NUM":1,"TITLE":"test","CONTENT":"test","NAME":"test","TOTAL_COUNT":15},{"NUM":2,"TITLE":"test","CONTENT":"test","NAME":"test","TOTAL_COUNT":15},{"NUM":3,"TITLE":"test","CONTENT":"test","NAME":"test","TOTAL_COUNT":15},{"NUM":4,"TITLE":"123","CONTENT":"123","NAME":"안녕하세요","TOTAL_COUNT":15},{"NUM":5,"TITLE":"123","CONTENT":"123","NAME":"안녕하세요","TOTAL_COUNT":15},{"NUM":6,"TITLE":"123","CONTENT":"123","NAME":"안녕하세요","TOTAL_COUNT":15},{"NUM":7,"TITLE":"tes","CONTENT":"test","NAME":"test","TOTAL_COUNT":15},{"NUM":8,"TITLE":"tes","CONTENT":"test","NAME":"test","TOTAL_COUNT":15},{"NUM":9,"TITLE":"gd","CONTENT":"gd","NAME":"gd","TOTAL_COUNT":15},{"NUM":10,"TITLE":"안녕하세요","CONTENT":"내용을 입력하빈다.","NAME":"돌아가기 페이지","TOTAL_COUNT":15}]
{"meta":0,"level":"info","message":"receiveData","timestamp":"2018-04-12T08:29:08.286Z"}
{"meta":0,"level":"info","message":"receiveData","timestamp":"2018-04-12T08:29:08.329Z"}
{"meta":0,"level":"info","message":"receiveData","timestamp":"2018-04-12T08:29:09.987Z"}
{"meta":0,"level":"info","message":"receiveData","timestamp":"2018-04-12T08:29:17.627Z"}
{"meta":0,"level":"info","message":"receiveData","timestamp":"2018-04-12T08:29:19.713Z"}
{"meta":0,"level":"info","message":"receiveData","timestamp":"2018-04-12T08:29:57.818Z"}
{"meta":0,"level":"info","message":"receiveData","timestamp":"2018-04-12T08:30:02.917Z"}
{"meta":0,"level":"info","message":"receiveData","timestamp":"2018-04-12T08:30:02.952Z"}
{"meta":0,"level":"info","message":"receiveData","timestamp":"2018-04-12T08:30:04.660Z"}
{"meta":0,"level":"info","message":"receiveData","timestamp":"2018-04-12T08:31:38.046Z"}
{"meta":0,"level":"info","message":"receiveData","timestamp":"2018-04-12T08:31:38.088Z"}
{"meta":0,"level":"info","message":"receiveData","timestamp":"2018-04-12T08:31:41.908Z"}
{"meta":0,"level":"info","message":"receiveData","timestamp":"2018-04-12T08:32:25.800Z"}
{"meta":0,"level":"info","message":"receiveData","timestamp":"2018-04-12T08:32:25.809Z"}
{"meta":0,"level":"info","message":"receiveData","timestamp":"2018-04-12T08:32:28.044Z"}
{"meta":0,"level":"info","message":"receiveData","timestamp":"2018-04-12T08:34:38.144Z"}
{"meta":0,"level":"info","message":"receiveData","timestamp":"2018-04-12T08:34:38.182Z"}
{"meta":0,"level":"info","message":"receiveData","timestamp":"2018-04-12T08:34:40.889Z"}
{"meta":0,"level":"info","message":"receiveData","timestamp":"2018-04-12T08:42:49.669Z"}
{"meta":0,"level":"info","message":"receiveData","timestamp":"2018-04-12T08:42:49.706Z"}
{"meta":0,"level":"info","message":"receiveData","timestamp":"2018-04-12T08:42:54.359Z"}
{"meta":0,"level":"info","message":"receiveData","timestamp":"2018-04-12T08:43:52.959Z"}
{"meta":0,"level":"info","message":"receiveData","timestamp":"2018-04-12T08:43:52.976Z"}
{"level":"info","message":"receiveData 10","timestamp":"2018-04-12T08:43:55.662Z"}
{"level":"info","message":"receiveData 20","timestamp":"2018-04-12T08:43:56.560Z"}
{"level":"info","message":"receiveData 20","timestamp":"2018-04-12T08:47:05.892Z"}
